<?xml version="1.0" encoding="UTF-8"?>
<!-- Generated by org.testng.reporters.JUnitXMLReporter -->
<testsuite hostname="MLIVE-LP00951" name="Default test" tests="2" failures="0" timestamp="31 Dec 2015 03:55:44 GMT" time="110.418" errors="0">
  <testcase name="searchTestNGInJCG" time="87.93" classname="com.javacodegeeks.testng.selenium.TestNGSeleniumDependentMethodExample"/>
  <testcase name="clickOnJCGTestNGArticle" time="17.213" classname="com.javacodegeeks.testng.selenium.TestNGSeleniumDependentMethodExample"/>
</testsuite> <!-- Default test -->
