<?xml version="1.0" encoding="UTF-8"?>
<!-- Generated by org.testng.reporters.JUnitXMLReporter -->
<testsuite hostname="MLIVE-LP00951" name="Default test" tests="2" failures="0" timestamp="30 Dec 2015 21:48:34 GMT" time="19.678" errors="0">
  <testcase name="searchTestNGInJCG" time="12.312" classname="com.javacodegeeks.testng.selenium.TestNGSeleniumDependentMethodExample"/>
  <testcase name="clickOnJCGTestNGArticle" time="2.624" classname="com.javacodegeeks.testng.selenium.TestNGSeleniumDependentMethodExample"/>
</testsuite> <!-- Default test -->
