<?xml version="1.0" encoding="UTF-8"?>
<!-- Generated by org.testng.reporters.JUnitXMLReporter -->
<testsuite hostname="MLIVE-LP00951" name="TestNgSeleniumChromeTest" tests="2" failures="0" timestamp="30 Dec 2015 21:11:23 GMT" time="8.321" errors="0">
  <testcase name="searchGoogle" time="2.211" classname="com.javacodegeeks.testng.selenium.TestNGSeleniumBrowserCfgExample"/>
  <testcase name="searchGoogle" time="1.612" classname="com.javacodegeeks.testng.selenium.TestNGSeleniumBrowserCfgExample"/>
</testsuite> <!-- TestNgSeleniumChromeTest -->
