<?xml version="1.0" encoding="UTF-8"?>
<!-- Generated by org.testng.reporters.JUnitXMLReporter -->
<testsuite hostname="MLIVE-LP00951" name="TestNgSeleniumChromeTest" tests="2" failures="0" timestamp="2 Jan 2016 23:40:55 GMT" time="12.351" errors="0">
  <testcase name="searchGoogle" time="2.671" classname="com.javacodegeeks.testng.selenium.TestNGSeleniumBrowserCfgExample"/>
  <testcase name="searchGoogle" time="1.418" classname="com.javacodegeeks.testng.selenium.TestNGSeleniumBrowserCfgExample"/>
</testsuite> <!-- TestNgSeleniumChromeTest -->
