<?xml version="1.0" encoding="UTF-8"?>
<!-- Generated by org.testng.reporters.JUnitXMLReporter -->
<testsuite hostname="MLIVE-LP00951" name="TestNgSeleniumFirefoxTest" tests="2" failures="0" timestamp="2 Jan 2016 23:41:06 GMT" time="10.544" errors="0">
  <testcase name="searchGoogle" time="3.02" classname="com.javacodegeeks.testng.selenium.TestNGSeleniumBrowserCfgExample"/>
  <testcase name="searchGoogle" time="2.948" classname="com.javacodegeeks.testng.selenium.TestNGSeleniumBrowserCfgExample"/>
</testsuite> <!-- TestNgSeleniumFirefoxTest -->
