<?xml version="1.0" encoding="UTF-8"?>
<!-- Generated by org.testng.reporters.JUnitXMLReporter -->
<testsuite hostname="MLIVE-LP00951" name="MultipleBrowserTestforchrome" tests="2" failures="0" timestamp="31 Dec 2015 04:43:38 GMT" time="8.62" errors="0">
  <testcase name="searchGoogle" time="2.366" classname="com.javacodegeeks.testng.selenium.TestNGSeleniumBrowserCfgExample"/>
  <testcase name="searchGoogle" time="1.75" classname="com.javacodegeeks.testng.selenium.TestNGSeleniumBrowserCfgExample"/>
</testsuite> <!-- MultipleBrowserTestforchrome -->
