<?xml version="1.0" encoding="UTF-8"?>
<testng-results skipped="0" failed="0" total="2" passed="2">
  <reporter-output>
  </reporter-output>
  <suite name="Default suite" duration-ms="19678" started-at="2015-12-30T21:48:14Z" finished-at="2015-12-30T21:48:34Z">
    <groups>
    </groups>
    <test name="Default test" duration-ms="19678" started-at="2015-12-30T21:48:14Z" finished-at="2015-12-30T21:48:34Z">
      <class name="com.javacodegeeks.testng.selenium.TestNGSeleniumDependentMethodExample">
        <test-method status="PASS" signature="springTestContextBeforeTestClass()[pri:0, instance:com.javacodegeeks.testng.selenium.TestNGSeleniumDependentMethodExample@1efed156]" name="springTestContextBeforeTestClass" is-config="true" duration-ms="10" started-at="2015-12-30T16:48:14Z" finished-at="2015-12-30T16:48:14Z">
          <reporter-output>
          </reporter-output>
        </test-method> <!-- springTestContextBeforeTestClass -->
        <test-method status="PASS" signature="springTestContextPrepareTestInstance()[pri:0, instance:com.javacodegeeks.testng.selenium.TestNGSeleniumDependentMethodExample@1efed156]" name="springTestContextPrepareTestInstance" is-config="true" duration-ms="4713" started-at="2015-12-30T16:48:14Z" depends-on-methods="org.springframework.test.context.testng.AbstractTestNGSpringContextTests.springTestContextBeforeTestClass" finished-at="2015-12-30T16:48:19Z">
          <reporter-output>
          </reporter-output>
        </test-method> <!-- springTestContextPrepareTestInstance -->
        <test-method status="PASS" signature="printBrowserUsed()[pri:0, instance:com.javacodegeeks.testng.selenium.TestNGSeleniumDependentMethodExample@1efed156]" name="printBrowserUsed" is-config="true" duration-ms="0" started-at="2015-12-30T16:48:19Z" finished-at="2015-12-30T16:48:19Z">
          <reporter-output>
          </reporter-output>
        </test-method> <!-- printBrowserUsed -->
        <test-method status="PASS" signature="searchTestNGInJCG()[pri:0, instance:com.javacodegeeks.testng.selenium.TestNGSeleniumDependentMethodExample@1efed156]" name="searchTestNGInJCG" duration-ms="12312" started-at="2015-12-30T16:48:19Z" finished-at="2015-12-30T16:48:31Z">
          <reporter-output>
          </reporter-output>
        </test-method> <!-- searchTestNGInJCG -->
        <test-method status="PASS" signature="springTestContextBeforeTestMethod(java.lang.reflect.Method)[pri:0, instance:com.javacodegeeks.testng.selenium.TestNGSeleniumDependentMethodExample@1efed156]" name="springTestContextBeforeTestMethod" is-config="true" duration-ms="0" started-at="2015-12-30T16:48:19Z" finished-at="2015-12-30T16:48:19Z">
          <params>
            <param index="0">
              <value>
                <![CDATA[public void com.javacodegeeks.testng.selenium.TestNGSeleniumDependentMethodExample.searchTestNGInJCG()]]>
              </value>
            </param>
          </params>
          <reporter-output>
          </reporter-output>
        </test-method> <!-- springTestContextBeforeTestMethod -->
        <test-method status="PASS" signature="springTestContextAfterTestMethod(java.lang.reflect.Method)[pri:0, instance:com.javacodegeeks.testng.selenium.TestNGSeleniumDependentMethodExample@1efed156]" name="springTestContextAfterTestMethod" is-config="true" duration-ms="2" started-at="2015-12-30T16:48:31Z" finished-at="2015-12-30T16:48:31Z">
          <params>
            <param index="0">
              <value>
                <![CDATA[public void com.javacodegeeks.testng.selenium.TestNGSeleniumDependentMethodExample.searchTestNGInJCG()]]>
              </value>
            </param>
          </params>
          <reporter-output>
          </reporter-output>
        </test-method> <!-- springTestContextAfterTestMethod -->
        <test-method status="PASS" signature="clickOnJCGTestNGArticle()[pri:0, instance:com.javacodegeeks.testng.selenium.TestNGSeleniumDependentMethodExample@1efed156]" name="clickOnJCGTestNGArticle" duration-ms="2624" started-at="2015-12-30T16:48:31Z" depends-on-methods="com.javacodegeeks.testng.selenium.TestNGSeleniumDependentMethodExample.searchTestNGInJCG" finished-at="2015-12-30T16:48:34Z">
          <reporter-output>
          </reporter-output>
        </test-method> <!-- clickOnJCGTestNGArticle -->
        <test-method status="PASS" signature="springTestContextBeforeTestMethod(java.lang.reflect.Method)[pri:0, instance:com.javacodegeeks.testng.selenium.TestNGSeleniumDependentMethodExample@1efed156]" name="springTestContextBeforeTestMethod" is-config="true" duration-ms="0" started-at="2015-12-30T16:48:31Z" finished-at="2015-12-30T16:48:31Z">
          <params>
            <param index="0">
              <value>
                <![CDATA[public void com.javacodegeeks.testng.selenium.TestNGSeleniumDependentMethodExample.clickOnJCGTestNGArticle()]]>
              </value>
            </param>
          </params>
          <reporter-output>
          </reporter-output>
        </test-method> <!-- springTestContextBeforeTestMethod -->
        <test-method status="PASS" signature="springTestContextAfterTestMethod(java.lang.reflect.Method)[pri:0, instance:com.javacodegeeks.testng.selenium.TestNGSeleniumDependentMethodExample@1efed156]" name="springTestContextAfterTestMethod" is-config="true" duration-ms="0" started-at="2015-12-30T16:48:34Z" finished-at="2015-12-30T16:48:34Z">
          <params>
            <param index="0">
              <value>
                <![CDATA[public void com.javacodegeeks.testng.selenium.TestNGSeleniumDependentMethodExample.clickOnJCGTestNGArticle()]]>
              </value>
            </param>
          </params>
          <reporter-output>
          </reporter-output>
        </test-method> <!-- springTestContextAfterTestMethod -->
        <test-method status="PASS" signature="springTestContextAfterTestClass()[pri:0, instance:com.javacodegeeks.testng.selenium.TestNGSeleniumDependentMethodExample@1efed156]" name="springTestContextAfterTestClass" is-config="true" duration-ms="0" started-at="2015-12-30T16:48:34Z" finished-at="2015-12-30T16:48:34Z">
          <reporter-output>
          </reporter-output>
        </test-method> <!-- springTestContextAfterTestClass -->
        <test-method status="PASS" signature="quitDriver()[pri:0, instance:com.javacodegeeks.testng.selenium.TestNGSeleniumDependentMethodExample@1efed156]" name="quitDriver" is-config="true" duration-ms="662" started-at="2015-12-30T16:48:34Z" finished-at="2015-12-30T16:48:34Z">
          <reporter-output>
          </reporter-output>
        </test-method> <!-- quitDriver -->
      </class> <!-- com.javacodegeeks.testng.selenium.TestNGSeleniumDependentMethodExample -->
    </test> <!-- Default test -->
  </suite> <!-- Default suite -->
</testng-results>
