<?xml version="1.0" encoding="UTF-8"?>
<testng-results skipped="0" failed="0" total="4" passed="4">
  <reporter-output>
  </reporter-output>
  <suite name="Default suite" duration-ms="17629" started-at="2016-01-03T18:06:19Z" finished-at="2016-01-03T18:06:37Z">
    <groups>
    </groups>
    <test name="Default test" duration-ms="17629" started-at="2016-01-03T18:06:19Z" finished-at="2016-01-03T18:06:37Z">
      <class name="com.javacodegeeks.testng.selenium.TestNGSeleniumDataDrivenSearchExample">
        <test-method status="PASS" signature="springTestContextBeforeTestClass()[pri:0, instance:com.javacodegeeks.testng.selenium.TestNGSeleniumDataDrivenSearchExample@5f9d02cb]" name="springTestContextBeforeTestClass" is-config="true" duration-ms="10" started-at="2016-01-03T13:06:19Z" finished-at="2016-01-03T13:06:19Z">
          <reporter-output>
          </reporter-output>
        </test-method> <!-- springTestContextBeforeTestClass -->
        <test-method status="PASS" signature="springTestContextPrepareTestInstance()[pri:0, instance:com.javacodegeeks.testng.selenium.TestNGSeleniumDataDrivenSearchExample@5f9d02cb]" name="springTestContextPrepareTestInstance" is-config="true" duration-ms="7314" started-at="2016-01-03T13:06:19Z" depends-on-methods="org.springframework.test.context.testng.AbstractTestNGSpringContextTests.springTestContextBeforeTestClass" finished-at="2016-01-03T13:06:27Z">
          <reporter-output>
          </reporter-output>
        </test-method> <!-- springTestContextPrepareTestInstance -->
        <test-method status="PASS" signature="printBrowserUsed()[pri:0, instance:com.javacodegeeks.testng.selenium.TestNGSeleniumDataDrivenSearchExample@5f9d02cb]" name="printBrowserUsed" is-config="true" duration-ms="0" started-at="2016-01-03T13:06:27Z" finished-at="2016-01-03T13:06:27Z">
          <reporter-output>
          </reporter-output>
        </test-method> <!-- printBrowserUsed -->
        <test-method status="PASS" signature="springTestContextBeforeTestMethod(java.lang.reflect.Method)[pri:0, instance:com.javacodegeeks.testng.selenium.TestNGSeleniumDataDrivenSearchExample@5f9d02cb]" name="springTestContextBeforeTestMethod" is-config="true" duration-ms="2" started-at="2016-01-03T13:06:28Z" finished-at="2016-01-03T13:06:28Z">
          <params>
            <param index="0">
              <value>
                <![CDATA[public void com.javacodegeeks.testng.selenium.TestNGSeleniumDataDrivenSearchExample.searchGoogle(java.lang.String)]]>
              </value>
            </param>
          </params>
          <reporter-output>
          </reporter-output>
        </test-method> <!-- springTestContextBeforeTestMethod -->
        <test-method status="PASS" signature="searchGoogle(java.lang.String)[pri:0, instance:com.javacodegeeks.testng.selenium.TestNGSeleniumDataDrivenSearchExample@5f9d02cb]" name="searchGoogle" duration-ms="2695" started-at="2016-01-03T13:06:28Z" data-provider="searchStringsExcelFile" finished-at="2016-01-03T13:06:30Z">
          <params>
            <param index="0">
              <value>
                <![CDATA[TestNG]]>
              </value>
            </param>
          </params>
          <reporter-output>
          </reporter-output>
        </test-method> <!-- searchGoogle -->
        <test-method status="PASS" signature="springTestContextAfterTestMethod(java.lang.reflect.Method)[pri:0, instance:com.javacodegeeks.testng.selenium.TestNGSeleniumDataDrivenSearchExample@5f9d02cb]" name="springTestContextAfterTestMethod" is-config="true" duration-ms="3" started-at="2016-01-03T13:06:30Z" finished-at="2016-01-03T13:06:30Z">
          <params>
            <param index="0">
              <value>
                <![CDATA[public void com.javacodegeeks.testng.selenium.TestNGSeleniumDataDrivenSearchExample.searchGoogle(java.lang.String)]]>
              </value>
            </param>
          </params>
          <reporter-output>
          </reporter-output>
        </test-method> <!-- springTestContextAfterTestMethod -->
        <test-method status="PASS" signature="searchGoogle(java.lang.String)[pri:0, instance:com.javacodegeeks.testng.selenium.TestNGSeleniumDataDrivenSearchExample@5f9d02cb]" name="searchGoogle" duration-ms="2111" started-at="2016-01-03T13:06:30Z" data-provider="searchStringsExcelFile" finished-at="2016-01-03T13:06:32Z">
          <params>
            <param index="0">
              <value>
                <![CDATA[Selenium]]>
              </value>
            </param>
          </params>
          <reporter-output>
          </reporter-output>
        </test-method> <!-- searchGoogle -->
        <test-method status="PASS" signature="springTestContextBeforeTestMethod(java.lang.reflect.Method)[pri:0, instance:com.javacodegeeks.testng.selenium.TestNGSeleniumDataDrivenSearchExample@5f9d02cb]" name="springTestContextBeforeTestMethod" is-config="true" duration-ms="0" started-at="2016-01-03T13:06:30Z" finished-at="2016-01-03T13:06:30Z">
          <params>
            <param index="0">
              <value>
                <![CDATA[public void com.javacodegeeks.testng.selenium.TestNGSeleniumDataDrivenSearchExample.searchGoogle(java.lang.String)]]>
              </value>
            </param>
          </params>
          <reporter-output>
          </reporter-output>
        </test-method> <!-- springTestContextBeforeTestMethod -->
        <test-method status="PASS" signature="springTestContextAfterTestMethod(java.lang.reflect.Method)[pri:0, instance:com.javacodegeeks.testng.selenium.TestNGSeleniumDataDrivenSearchExample@5f9d02cb]" name="springTestContextAfterTestMethod" is-config="true" duration-ms="1" started-at="2016-01-03T13:06:32Z" finished-at="2016-01-03T13:06:32Z">
          <params>
            <param index="0">
              <value>
                <![CDATA[public void com.javacodegeeks.testng.selenium.TestNGSeleniumDataDrivenSearchExample.searchGoogle(java.lang.String)]]>
              </value>
            </param>
          </params>
          <reporter-output>
          </reporter-output>
        </test-method> <!-- springTestContextAfterTestMethod -->
        <test-method status="PASS" signature="springTestContextBeforeTestMethod(java.lang.reflect.Method)[pri:0, instance:com.javacodegeeks.testng.selenium.TestNGSeleniumDataDrivenSearchExample@5f9d02cb]" name="springTestContextBeforeTestMethod" is-config="true" duration-ms="0" started-at="2016-01-03T13:06:32Z" finished-at="2016-01-03T13:06:32Z">
          <params>
            <param index="0">
              <value>
                <![CDATA[public void com.javacodegeeks.testng.selenium.TestNGSeleniumDataDrivenSearchExample.searchGoogle(java.lang.String)]]>
              </value>
            </param>
          </params>
          <reporter-output>
          </reporter-output>
        </test-method> <!-- springTestContextBeforeTestMethod -->
        <test-method status="PASS" signature="searchGoogle(java.lang.String)[pri:0, instance:com.javacodegeeks.testng.selenium.TestNGSeleniumDataDrivenSearchExample@5f9d02cb]" name="searchGoogle" duration-ms="2260" started-at="2016-01-03T13:06:32Z" data-provider="searchStringsExcelFile" finished-at="2016-01-03T13:06:35Z">
          <params>
            <param index="0">
              <value>
                <![CDATA[Hello World]]>
              </value>
            </param>
          </params>
          <reporter-output>
          </reporter-output>
        </test-method> <!-- searchGoogle -->
        <test-method status="PASS" signature="springTestContextAfterTestMethod(java.lang.reflect.Method)[pri:0, instance:com.javacodegeeks.testng.selenium.TestNGSeleniumDataDrivenSearchExample@5f9d02cb]" name="springTestContextAfterTestMethod" is-config="true" duration-ms="3" started-at="2016-01-03T13:06:35Z" finished-at="2016-01-03T13:06:35Z">
          <params>
            <param index="0">
              <value>
                <![CDATA[public void com.javacodegeeks.testng.selenium.TestNGSeleniumDataDrivenSearchExample.searchGoogle(java.lang.String)]]>
              </value>
            </param>
          </params>
          <reporter-output>
          </reporter-output>
        </test-method> <!-- springTestContextAfterTestMethod -->
        <test-method status="PASS" signature="springTestContextBeforeTestMethod(java.lang.reflect.Method)[pri:0, instance:com.javacodegeeks.testng.selenium.TestNGSeleniumDataDrivenSearchExample@5f9d02cb]" name="springTestContextBeforeTestMethod" is-config="true" duration-ms="2" started-at="2016-01-03T13:06:35Z" finished-at="2016-01-03T13:06:35Z">
          <params>
            <param index="0">
              <value>
                <![CDATA[public void com.javacodegeeks.testng.selenium.TestNGSeleniumDataDrivenSearchExample.searchGoogle(java.lang.String)]]>
              </value>
            </param>
          </params>
          <reporter-output>
          </reporter-output>
        </test-method> <!-- springTestContextBeforeTestMethod -->
        <test-method status="PASS" signature="searchGoogle(java.lang.String)[pri:0, instance:com.javacodegeeks.testng.selenium.TestNGSeleniumDataDrivenSearchExample@5f9d02cb]" name="searchGoogle" duration-ms="2057" started-at="2016-01-03T13:06:35Z" data-provider="searchStringsExcelFile" finished-at="2016-01-03T13:06:37Z">
          <params>
            <param index="0">
              <value>
                <![CDATA[Test]]>
              </value>
            </param>
          </params>
          <reporter-output>
          </reporter-output>
        </test-method> <!-- searchGoogle -->
        <test-method status="PASS" signature="springTestContextAfterTestMethod(java.lang.reflect.Method)[pri:0, instance:com.javacodegeeks.testng.selenium.TestNGSeleniumDataDrivenSearchExample@5f9d02cb]" name="springTestContextAfterTestMethod" is-config="true" duration-ms="0" started-at="2016-01-03T13:06:37Z" finished-at="2016-01-03T13:06:37Z">
          <params>
            <param index="0">
              <value>
                <![CDATA[public void com.javacodegeeks.testng.selenium.TestNGSeleniumDataDrivenSearchExample.searchGoogle(java.lang.String)]]>
              </value>
            </param>
          </params>
          <reporter-output>
          </reporter-output>
        </test-method> <!-- springTestContextAfterTestMethod -->
        <test-method status="PASS" signature="springTestContextAfterTestClass()[pri:0, instance:com.javacodegeeks.testng.selenium.TestNGSeleniumDataDrivenSearchExample@5f9d02cb]" name="springTestContextAfterTestClass" is-config="true" duration-ms="1" started-at="2016-01-03T13:06:37Z" finished-at="2016-01-03T13:06:37Z">
          <reporter-output>
          </reporter-output>
        </test-method> <!-- springTestContextAfterTestClass -->
        <test-method status="PASS" signature="quitDriver()[pri:0, instance:com.javacodegeeks.testng.selenium.TestNGSeleniumDataDrivenSearchExample@5f9d02cb]" name="quitDriver" is-config="true" duration-ms="513" started-at="2016-01-03T13:06:37Z" finished-at="2016-01-03T13:06:37Z">
          <reporter-output>
          </reporter-output>
        </test-method> <!-- quitDriver -->
      </class> <!-- com.javacodegeeks.testng.selenium.TestNGSeleniumDataDrivenSearchExample -->
    </test> <!-- Default test -->
  </suite> <!-- Default suite -->
</testng-results>
